<?xml version="1.0" encoding="utf-8"?>
<TestRun id="287137af-f90b-4d10-b399-a72409636537" name="Awas@DESKTOP-9GNKN5J 2023-10-27 11:06:32" runUser="DESKTOP-9GNKN5J\Awas" xmlns="http://microsoft.com/schemas/VisualStudio/TeamTest/2010">
  <Times creation="2023-10-27T11:06:32.4255733+07:00" queuing="2023-10-27T11:06:32.4255735+07:00" start="2023-10-27T11:06:25.2799707+07:00" finish="2023-10-27T11:07:07.1947217+07:00" />
  <TestSettings name="default" id="41c98f39-01ed-4856-a0c3-b247f6c97747">
    <Deployment runDeploymentRoot="Awas_DESKTOP-9GNKN5J_2023-10-27_11_06_32" />
  </TestSettings>
  <Results>
    <UnitTestResult executionId="1f2e04a0-24cc-4c00-b42f-194b413aa424" testId="6b878a41-b745-286d-3430-de36d53628d0" testName="XtramileTest.TestRunner.TestRunner.TestDatabaseDelete" computerName="DESKTOP-9GNKN5J" duration="00:00:05.2820368" startTime="2023-10-27T11:06:42.9053314+07:00" endTime="2023-10-27T11:06:42.9053316+07:00" testType="13cdc9d9-ddb5-4fa4-a97d-d965ccfc6d4b" outcome="Passed" testListId="8c84fa94-04c1-424b-9868-57a2d4851a1d" relativeResultsDirectory="1f2e04a0-24cc-4c00-b42f-194b413aa424" />
    <UnitTestResult executionId="138c6a76-3fd2-44a6-a772-bf31da14afdb" testId="a3346fbe-5256-ebf6-2f75-38977decaeb3" testName="XtramileTest.TestRunner.TestRunner.TestDatabaseAdd" computerName="DESKTOP-9GNKN5J" duration="00:00:04.2775606" startTime="2023-10-27T11:07:07.1373812+07:00" endTime="2023-10-27T11:07:07.1373814+07:00" testType="13cdc9d9-ddb5-4fa4-a97d-d965ccfc6d4b" outcome="Passed" testListId="8c84fa94-04c1-424b-9868-57a2d4851a1d" relativeResultsDirectory="138c6a76-3fd2-44a6-a772-bf31da14afdb" />
    <UnitTestResult executionId="083d434b-a43d-421a-9afb-8414afea6fbc" testId="be74e9b1-d2eb-830f-a3ea-9d7edf2cbd7a" testName="XtramileTest.TestRunner.TestRunner.TestDatabaseEdit" computerName="DESKTOP-9GNKN5J" duration="00:00:05.2169915" startTime="2023-10-27T11:06:53.9214400+07:00" endTime="2023-10-27T11:06:53.9214402+07:00" testType="13cdc9d9-ddb5-4fa4-a97d-d965ccfc6d4b" outcome="Passed" testListId="8c84fa94-04c1-424b-9868-57a2d4851a1d" relativeResultsDirectory="083d434b-a43d-421a-9afb-8414afea6fbc" />
    <UnitTestResult executionId="695fe9b4-d5df-4571-b09f-9713fd03ab6e" testId="6c29ccc9-ffa2-61c5-d17c-6353af650206" testName="XtramileTest.TestRunner.TestRunner.TestDatabaseFilter" computerName="DESKTOP-9GNKN5J" duration="00:00:03.3163942" startTime="2023-10-27T11:07:02.8597140+07:00" endTime="2023-10-27T11:07:02.8597142+07:00" testType="13cdc9d9-ddb5-4fa4-a97d-d965ccfc6d4b" outcome="Passed" testListId="8c84fa94-04c1-424b-9868-57a2d4851a1d" relativeResultsDirectory="695fe9b4-d5df-4571-b09f-9713fd03ab6e" />
    <UnitTestResult executionId="f83c8c71-4575-473c-9315-ddefface6588" testId="46fd10fc-b58b-d645-e0f1-ea2759fb40f0" testName="XtramileTest.TestRunner.TestRunner.TestJSPrompt" computerName="DESKTOP-9GNKN5J" duration="00:00:05.4046415" startTime="2023-10-27T11:06:32.3952284+07:00" endTime="2023-10-27T11:06:32.3952493+07:00" testType="13cdc9d9-ddb5-4fa4-a97d-d965ccfc6d4b" outcome="Passed" testListId="8c84fa94-04c1-424b-9868-57a2d4851a1d" relativeResultsDirectory="f83c8c71-4575-473c-9315-ddefface6588" />
    <UnitTestResult executionId="ebc9bc57-c2fb-4912-af27-261cce73e130" testId="0d1b4140-1daf-ec79-211e-21cef64bd066" testName="XtramileTest.TestRunner.TestRunner.TestJSAlert" computerName="DESKTOP-9GNKN5J" duration="00:00:05.6216484" startTime="2023-10-27T11:06:59.5431763+07:00" endTime="2023-10-27T11:06:59.5431766+07:00" testType="13cdc9d9-ddb5-4fa4-a97d-d965ccfc6d4b" outcome="Passed" testListId="8c84fa94-04c1-424b-9868-57a2d4851a1d" relativeResultsDirectory="ebc9bc57-c2fb-4912-af27-261cce73e130" />
    <UnitTestResult executionId="5672e981-15c5-40ad-8c65-8754cbe38e8c" testId="63a1fc68-8ae1-4c89-a205-70691b45bb22" testName="XtramileTest.TestRunner.TestRunner.TestDatabasePagination" computerName="DESKTOP-9GNKN5J" duration="00:00:05.2280116" startTime="2023-10-27T11:06:37.6231608+07:00" endTime="2023-10-27T11:06:37.6231612+07:00" testType="13cdc9d9-ddb5-4fa4-a97d-d965ccfc6d4b" outcome="Passed" testListId="8c84fa94-04c1-424b-9868-57a2d4851a1d" relativeResultsDirectory="5672e981-15c5-40ad-8c65-8754cbe38e8c" />
    <UnitTestResult executionId="c5814f82-f1a7-415c-8982-72a7f52419be" testId="f1c0e67d-21b2-8efa-74b5-ded75dd4e8d6" testName="XtramileTest.TestRunner.TestRunner.TestJSConfirm" computerName="DESKTOP-9GNKN5J" duration="00:00:05.7988722" startTime="2023-10-27T11:06:48.7043023+07:00" endTime="2023-10-27T11:06:48.7043025+07:00" testType="13cdc9d9-ddb5-4fa4-a97d-d965ccfc6d4b" outcome="Passed" testListId="8c84fa94-04c1-424b-9868-57a2d4851a1d" relativeResultsDirectory="c5814f82-f1a7-415c-8982-72a7f52419be" />
  </Results>
  <TestDefinitions>
    <UnitTest name="XtramileTest.TestRunner.TestRunner.TestDatabaseFilter" storage="i:\xtramile\test\xtramiletest\xtramiletest\bin\debug\netcoreapp6.0\xtramiletest.dll" id="6c29ccc9-ffa2-61c5-d17c-6353af650206">
      <Execution id="695fe9b4-d5df-4571-b09f-9713fd03ab6e" />
      <TestMethod codeBase="I:\Xtramile\Test\XtramileTest\XtramileTest\bin\Debug\netcoreapp6.0\XtramileTest.dll" adapterTypeName="executor://xunit/VsTestRunner2/netcoreapp" className="XtramileTest.TestRunner.TestRunner" name="TestDatabaseFilter" />
    </UnitTest>
    <UnitTest name="XtramileTest.TestRunner.TestRunner.TestJSConfirm" storage="i:\xtramile\test\xtramiletest\xtramiletest\bin\debug\netcoreapp6.0\xtramiletest.dll" id="f1c0e67d-21b2-8efa-74b5-ded75dd4e8d6">
      <Execution id="c5814f82-f1a7-415c-8982-72a7f52419be" />
      <TestMethod codeBase="I:\Xtramile\Test\XtramileTest\XtramileTest\bin\Debug\netcoreapp6.0\XtramileTest.dll" adapterTypeName="executor://xunit/VsTestRunner2/netcoreapp" className="XtramileTest.TestRunner.TestRunner" name="TestJSConfirm" />
    </UnitTest>
    <UnitTest name="XtramileTest.TestRunner.TestRunner.TestJSAlert" storage="i:\xtramile\test\xtramiletest\xtramiletest\bin\debug\netcoreapp6.0\xtramiletest.dll" id="0d1b4140-1daf-ec79-211e-21cef64bd066">
      <Execution id="ebc9bc57-c2fb-4912-af27-261cce73e130" />
      <TestMethod codeBase="I:\Xtramile\Test\XtramileTest\XtramileTest\bin\Debug\netcoreapp6.0\XtramileTest.dll" adapterTypeName="executor://xunit/VsTestRunner2/netcoreapp" className="XtramileTest.TestRunner.TestRunner" name="TestJSAlert" />
    </UnitTest>
    <UnitTest name="XtramileTest.TestRunner.TestRunner.TestDatabaseAdd" storage="i:\xtramile\test\xtramiletest\xtramiletest\bin\debug\netcoreapp6.0\xtramiletest.dll" id="a3346fbe-5256-ebf6-2f75-38977decaeb3">
      <Execution id="138c6a76-3fd2-44a6-a772-bf31da14afdb" />
      <TestMethod codeBase="I:\Xtramile\Test\XtramileTest\XtramileTest\bin\Debug\netcoreapp6.0\XtramileTest.dll" adapterTypeName="executor://xunit/VsTestRunner2/netcoreapp" className="XtramileTest.TestRunner.TestRunner" name="TestDatabaseAdd" />
    </UnitTest>
    <UnitTest name="XtramileTest.TestRunner.TestRunner.TestDatabaseDelete" storage="i:\xtramile\test\xtramiletest\xtramiletest\bin\debug\netcoreapp6.0\xtramiletest.dll" id="6b878a41-b745-286d-3430-de36d53628d0">
      <Execution id="1f2e04a0-24cc-4c00-b42f-194b413aa424" />
      <TestMethod codeBase="I:\Xtramile\Test\XtramileTest\XtramileTest\bin\Debug\netcoreapp6.0\XtramileTest.dll" adapterTypeName="executor://xunit/VsTestRunner2/netcoreapp" className="XtramileTest.TestRunner.TestRunner" name="TestDatabaseDelete" />
    </UnitTest>
    <UnitTest name="XtramileTest.TestRunner.TestRunner.TestJSPrompt" storage="i:\xtramile\test\xtramiletest\xtramiletest\bin\debug\netcoreapp6.0\xtramiletest.dll" id="46fd10fc-b58b-d645-e0f1-ea2759fb40f0">
      <Execution id="f83c8c71-4575-473c-9315-ddefface6588" />
      <TestMethod codeBase="I:\Xtramile\Test\XtramileTest\XtramileTest\bin\Debug\netcoreapp6.0\XtramileTest.dll" adapterTypeName="executor://xunit/VsTestRunner2/netcoreapp" className="XtramileTest.TestRunner.TestRunner" name="TestJSPrompt" />
    </UnitTest>
    <UnitTest name="XtramileTest.TestRunner.TestRunner.TestDatabasePagination" storage="i:\xtramile\test\xtramiletest\xtramiletest\bin\debug\netcoreapp6.0\xtramiletest.dll" id="63a1fc68-8ae1-4c89-a205-70691b45bb22">
      <Execution id="5672e981-15c5-40ad-8c65-8754cbe38e8c" />
      <TestMethod codeBase="I:\Xtramile\Test\XtramileTest\XtramileTest\bin\Debug\netcoreapp6.0\XtramileTest.dll" adapterTypeName="executor://xunit/VsTestRunner2/netcoreapp" className="XtramileTest.TestRunner.TestRunner" name="TestDatabasePagination" />
    </UnitTest>
    <UnitTest name="XtramileTest.TestRunner.TestRunner.TestDatabaseEdit" storage="i:\xtramile\test\xtramiletest\xtramiletest\bin\debug\netcoreapp6.0\xtramiletest.dll" id="be74e9b1-d2eb-830f-a3ea-9d7edf2cbd7a">
      <Execution id="083d434b-a43d-421a-9afb-8414afea6fbc" />
      <TestMethod codeBase="I:\Xtramile\Test\XtramileTest\XtramileTest\bin\Debug\netcoreapp6.0\XtramileTest.dll" adapterTypeName="executor://xunit/VsTestRunner2/netcoreapp" className="XtramileTest.TestRunner.TestRunner" name="TestDatabaseEdit" />
    </UnitTest>
  </TestDefinitions>
  <TestEntries>
    <TestEntry testId="6b878a41-b745-286d-3430-de36d53628d0" executionId="1f2e04a0-24cc-4c00-b42f-194b413aa424" testListId="8c84fa94-04c1-424b-9868-57a2d4851a1d" />
    <TestEntry testId="a3346fbe-5256-ebf6-2f75-38977decaeb3" executionId="138c6a76-3fd2-44a6-a772-bf31da14afdb" testListId="8c84fa94-04c1-424b-9868-57a2d4851a1d" />
    <TestEntry testId="be74e9b1-d2eb-830f-a3ea-9d7edf2cbd7a" executionId="083d434b-a43d-421a-9afb-8414afea6fbc" testListId="8c84fa94-04c1-424b-9868-57a2d4851a1d" />
    <TestEntry testId="6c29ccc9-ffa2-61c5-d17c-6353af650206" executionId="695fe9b4-d5df-4571-b09f-9713fd03ab6e" testListId="8c84fa94-04c1-424b-9868-57a2d4851a1d" />
    <TestEntry testId="46fd10fc-b58b-d645-e0f1-ea2759fb40f0" executionId="f83c8c71-4575-473c-9315-ddefface6588" testListId="8c84fa94-04c1-424b-9868-57a2d4851a1d" />
    <TestEntry testId="0d1b4140-1daf-ec79-211e-21cef64bd066" executionId="ebc9bc57-c2fb-4912-af27-261cce73e130" testListId="8c84fa94-04c1-424b-9868-57a2d4851a1d" />
    <TestEntry testId="63a1fc68-8ae1-4c89-a205-70691b45bb22" executionId="5672e981-15c5-40ad-8c65-8754cbe38e8c" testListId="8c84fa94-04c1-424b-9868-57a2d4851a1d" />
    <TestEntry testId="f1c0e67d-21b2-8efa-74b5-ded75dd4e8d6" executionId="c5814f82-f1a7-415c-8982-72a7f52419be" testListId="8c84fa94-04c1-424b-9868-57a2d4851a1d" />
  </TestEntries>
  <TestLists>
    <TestList name="Results Not in a List" id="8c84fa94-04c1-424b-9868-57a2d4851a1d" />
    <TestList name="All Loaded Results" id="19431567-8539-422a-85d7-44ee4e166bda" />
  </TestLists>
  <ResultSummary outcome="Completed">
    <Counters total="8" executed="8" passed="8" failed="0" error="0" timeout="0" aborted="0" inconclusive="0" passedButRunAborted="0" notRunnable="0" notExecuted="0" disconnected="0" warning="0" completed="0" inProgress="0" pending="0" />
    <Output>
      <StdOut>[xUnit.net 00:00:00.00] xUnit.net VSTest Adapter v2.4.0 (64-bit .NET 6.0.24)&#xD;
[xUnit.net 00:00:01.22]   Discovering: XtramileTest&#xD;
[xUnit.net 00:00:01.25]   Discovered:  XtramileTest&#xD;
[xUnit.net 00:00:01.25]   Starting:    XtramileTest&#xD;
[xUnit.net 00:00:41.45]   Finished:    XtramileTest&#xD;
</StdOut>
    </Output>
  </ResultSummary>
</TestRun>